Sep 02 17:08 : exception: RTIOThread could not get realtime scheduling, continuing anyway: sched_setscheduler failed: Operation not permitted
Sep 02 17:08 : exception: Failed to open '/home/yazdan/.mpd/mpdstate': No such file or directory
Sep 02 17:08 : update: added ایهام/Tanha Shodam.mp3
Sep 02 17:08 : update: added ایهام/Bezan Baran.mp3
Sep 02 17:08 : update: added ایهام/Negar.mp3
Sep 02 17:08 : update: added ایهام/Jana.mp3
Sep 02 17:08 : update: added ایهام/Taab O Tab.mp3
Sep 02 17:08 : update: added ایهام/Vay az in halam.mp3
Sep 02 17:08 : update: added ایهام/Jana (Siamand Remix).mp3
Sep 02 17:08 : update: added ایهام/Eshgh.mp3
Sep 02 17:08 : update: added ایهام/Darya.mp3
Sep 02 17:08 : update: added ایهام/Shahzadeye Bi Eshgh.mp3
Sep 02 17:08 : update: added ایهام/Boghz.mp3
Sep 02 17:08 : update: added ایهام/Soltane Ghalbe Man.mp3
Sep 02 17:08 : update: added ایهام/Haale Man.mp3
Sep 02 17:08 : update: added ایهام/Bezan Baran (AFX Remix).mp3
Sep 02 17:08 : update: added ایهام/Khaterehamoon.mp3
Sep 02 17:08 : update: added ایهام/Cheshmanat Arezoost.mp3
Sep 02 17:08 : update: added ایهام/Khoda Negahdar.mp3
Sep 02 17:08 : update: added ایهام/Donyaye bad az to.mp3
Sep 02 17:08 : update: added چارتار/Tashiee.mp3
Sep 02 17:08 : update: added چارتار/Barf.mp3
Sep 02 17:08 : update: added چارتار/Iran.mp3
Sep 02 17:08 : update: added چارتار/Jadeh Miraghsad (The Road's dancing)/09 Dariche.mp3
Sep 02 17:08 : update: added چارتار/Jadeh Miraghsad (The Road's dancing)/05 Hozori Etefaghi.mp3
Sep 02 17:08 : update: added چارتار/Jadeh Miraghsad (The Road's dancing)/06 Hich Dar Hich.mp3
Sep 02 17:08 : update: added چارتار/Jadeh Miraghsad (The Road's dancing)/04 Jadde Miraghsad.mp3
Sep 02 17:08 : update: added چارتار/Jadeh Miraghsad (The Road's dancing)/02 Aseman Ham Zamin Khord.mp3
Sep 02 17:08 : update: added چارتار/Jadeh Miraghsad (The Road's dancing)/01 Leylache.mp3
Sep 02 17:08 : update: added چارتار/Jadeh Miraghsad (The Road's dancing)/07 Man Dahanam.mp3
Sep 02 17:08 : update: added چارتار/Jadeh Miraghsad (The Road's dancing)/08 Ghazal Nashod.mp3
Sep 02 17:08 : update: added چارتار/Jadeh Miraghsad (The Road's dancing)/03 Babr.mp3
Sep 02 17:08 : update: added چارتار/Darya Kojast (Where is the sea)/05 Bargard.mp3
Sep 02 17:08 : update: added چارتار/Darya Kojast (Where is the sea)/03 Hejrat.mp3
Sep 02 17:08 : update: added چارتار/Darya Kojast (Where is the sea)/06 Benevis.mp3
Sep 02 17:08 : update: added چارتار/Darya Kojast (Where is the sea)/07 Ghoroob.mp3
Sep 02 17:08 : update: added چارتار/Darya Kojast (Where is the sea)/04 Daryaa Kojaast.mp3
Sep 02 17:08 : update: added چارتار/Darya Kojast (Where is the sea)/10 Khalgh.mp3
Sep 02 17:08 : update: added چارتار/Darya Kojast (Where is the sea)/08 Tardide Raftan.mp3
Sep 02 17:08 : update: added چارتار/Darya Kojast (Where is the sea)/09 Chashme Bi Baraabar.mp3
Sep 02 17:08 : update: added چارتار/Darya Kojast (Where is the sea)/02 Door.mp3
Sep 02 17:08 : update: added چارتار/Darya Kojast (Where is the sea)/01 Aghoosh.mp3
Sep 02 17:08 : update: added چارتار/Aavaazeh Khaan.mp3
Sep 02 17:08 : update: added چارتار/Shab.mp3
Sep 02 17:08 : update: added چارتار/Shaghayegh.mp3
Sep 02 17:08 : update: added چارتار/To Ra Jooyam.mp3
Sep 02 17:08 : update: added چارتار/Adineh.mp3
Sep 02 17:08 : update: added چارتار/Gele Kon.mp3
Sep 02 17:08 : update: added چارتار/Begoo Ke Zende eem.mp3
Sep 02 17:08 : update: added چارتار/Sedayam Bezan.mp3
Sep 02 17:08 : update: added چارتار/Mastam Az.mp3
Sep 02 17:08 : update: added چارتار/Baaraan Toee (You are the Rain)/12 Ghataar (Chaartaar).mp3
Sep 02 17:08 : update: added چارتار/Baaraan Toee (You are the Rain)/06 Kalaagh.mp3
Sep 02 17:08 : update: added چارتار/Baaraan Toee (You are the Rain)/07 Asheghaaneh Tanhaast.mp3
Sep 02 17:08 : update: added چارتار/Baaraan Toee (You are the Rain)/10 Shabihe Yek Mordaab.mp3
Sep 02 17:08 : update: added چارتار/Baaraan Toee (You are the Rain)/01 Ashoobam.mp3
Sep 02 17:08 : update: added چارتار/Baaraan Toee (You are the Rain)/05 Zane Divaaneh.mp3
Sep 02 17:08 : update: added چارتار/Baaraan Toee (You are the Rain)/04 Baaraan Toee.mp3
Sep 02 17:08 : update: added چارتار/Baaraan Toee (You are the Rain)/02 Maraa Be Khaaterat Negah Daar.mp3
Sep 02 17:08 : update: added چارتار/Baaraan Toee (You are the Rain)/09 Khosha Be Man.mp3
Sep 02 17:08 : update: added چارتار/Baaraan Toee (You are the Rain)/08 Harfi Bezan.mp3
Sep 02 17:08 : update: added چارتار/Baaraan Toee (You are the Rain)/11 Dar Hasrate Maah.mp3
Sep 02 17:08 : update: added چارتار/Baaraan Toee (You are the Rain)/03 Hendeseh.mp3
Sep 02 17:08 : update: added چارتار/Begoo Be Baran.mp3
Sep 02 17:08 : update: added چارتار/Asemaan Ham Zamin Mikhorad (Acoustic).mp3
Sep 02 17:08 : exception: RTIOThread could not get realtime scheduling, continuing anyway: sched_setscheduler failed: Operation not permitted
Sep 02 17:09 : client: [0] opened from 127.0.0.1:46554
Sep 02 17:12 : exception: OutputThread could not get realtime scheduling, continuing anyway: sched_setscheduler failed: Operation not permitted
Sep 02 17:12 : exception: OutputThread could not get realtime scheduling, continuing anyway: sched_setscheduler failed: Operation not permitted
Sep 02 17:15 : client: [0] closed
Sep 02 17:15 : client: [1] opened from 127.0.0.1:46628
Sep 02 17:19 : player: played "چارتار/To Ra Jooyam.mp3"
Sep 02 17:20 : client: [1] closed
Sep 02 17:23 : client: [2] opened from 127.0.0.1:46648
Sep 02 17:23 : player: played "چارتار/Asemaan Ham Zamin Mikhorad (Acoustic).mp3"
Sep 02 17:24 : client: [2] closed
Sep 02 17:25 : client: [3] opened from 127.0.0.1:46692
Sep 02 17:25 : client: [3] closed
Sep 02 17:25 : client: [4] opened from 127.0.0.1:46694
Sep 02 17:25 : player: played "چارتار/Tashiee.mp3"
Sep 02 17:31 : player: played "چارتار/Shab.mp3"
Sep 02 17:36 : player: played "چارتار/Baaraan Toee (You are the Rain)/01 Ashoobam.mp3"
Sep 02 17:39 : player: played "چارتار/Baaraan Toee (You are the Rain)/02 Maraa Be Khaaterat Negah Daar.mp3"
Sep 02 17:43 : player: played "چارتار/Baaraan Toee (You are the Rain)/03 Hendeseh.mp3"
Sep 02 17:47 : player: played "چارتار/Baaraan Toee (You are the Rain)/04 Baaraan Toee.mp3"
Sep 02 17:50 : client: [4] closed
Sep 02 17:51 : player: played "چارتار/Baaraan Toee (You are the Rain)/05 Zane Divaaneh.mp3"
Sep 02 17:55 : player: played "چارتار/Baaraan Toee (You are the Rain)/06 Kalaagh.mp3"
Sep 02 17:55 : client: [5] opened from 127.0.0.1:47432
Sep 02 17:57 : client: [5] closed
Sep 02 17:57 : client: [6] opened from 127.0.0.1:47434
Sep 02 17:58 : player: played "چارتار/Tashiee.mp3"
Sep 02 18:04 : player: played "چارتار/To Ra Jooyam.mp3"
